[05pro2025 17:56:41.066] [main/INFO] [cpw.mods.modlauncher.Launcher/MODLAUNCHER]: ModLauncher running: args [--launchTarget, forgeclientdev, --version, 21.1.172, --assetIndex, 17, --assetsDir, C:\\Users\\jiris\\.gradle\\caches\\neoformruntime\\assets, --gameDir, ., --fml.fmlVersion, 4.0.39, --fml.mcVersion, 1.21.1, --fml.neoForgeVersion, 21.1.172, --fml.neoFormVersion, 20240808.144430]
[05pro2025 17:56:41.067] [main/INFO] [cpw.mods.modlauncher.Launcher/MODLAUNCHER]: JVM identified as Amazon.com Inc. OpenJDK 64-Bit Server VM 22.0.2+9-FR
[05pro2025 17:56:41.067] [main/INFO] [cpw.mods.modlauncher.Launcher/MODLAUNCHER]: ModLauncher 11.0.4+main.d2e20e43 starting: java version 22.0.2 by Amazon.com Inc.; OS Windows 11 arch amd64 version 10.0
[05pro2025 17:56:41.266] [main/INFO] [net.neoforged.fml.loading.ImmediateWindowHandler/]: Loading ImmediateWindowProvider fmlearlywindow
[05pro2025 17:56:41.376] [main/INFO] [EARLYDISPLAY/]: Trying GL version 4.6
[05pro2025 17:56:41.557] [main/INFO] [EARLYDISPLAY/]: Requested GL version 4.6 got version 4.6
[05pro2025 17:56:41.656] [main/INFO] [mixin/]: SpongePowered MIXIN Subsystem Version=0.8.7 Source=union:/C:/Users/jiris/.gradle/caches/modules-2/files-2.1/net.fabricmc/sponge-mixin/0.15.2+mixin.0.8.7/2af2f021d8e02a0220dc27a7a72b4666d66d44ca/sponge-mixin-0.15.2+mixin.0.8.7.jar%23138!/ Service=ModLauncher Env=CLIENT
[05pro2025 17:56:41.818] [pool-2-thread-1/INFO] [EARLYDISPLAY/]: GL info: NVIDIA GeForce RTX 4050 Laptop GPU/PCIe/SSE2 GL version 4.6.0 NVIDIA 561.00, NVIDIA Corporation
[05pro2025 17:56:41.929] [main/INFO] [net.neoforged.fml.loading.moddiscovery.locators.JarInJarDependencyLocator/]: Found 2 dependencies adding them to mods collection
[05pro2025 17:56:41.929] [main/INFO] [net.neoforged.fml.loading.moddiscovery.ModDiscoverer/]: 
     Mod List:
		Name Version (Mod Id)

		Few more blocks 1.0.0-pre3 (thefmb)
		Minecraft 1.21.1 (minecraft)
		NeoForge 21.1.172 (neoforge)
[05pro2025 17:56:42.729] [main/INFO] [cpw.mods.modlauncher.LaunchServiceHandler/MODLAUNCHER]: Launching target 'forgeclientdev' with arguments [--version, 21.1.172, --gameDir, ., --assetsDir, C:\Users\jiris\.gradle\caches\neoformruntime\assets, --assetIndex, 17]
[05pro2025 17:56:45.225] [Datafixer Bootstrap/INFO] [com.mojang.datafixers.DataFixerBuilder/]: 229 Datafixer optimizations took 441 milliseconds
[05pro2025 17:56:45.593] [pool-7-thread-1/INFO] [MixinExtras|Service/]: Initializing MixinExtras via com.llamalad7.mixinextras.service.MixinExtrasServiceImpl(version=0.4.1).
[05pro2025 17:56:50.728] [main/WARN] [net.minecraft.commands.Commands/]: Ambiguity between arguments [teleport, location] and [teleport, destination] with inputs: [0.1 -0.5 .9, 0 0 0]
[05pro2025 17:56:50.729] [main/WARN] [net.minecraft.commands.Commands/]: Ambiguity between arguments [teleport, location] and [teleport, targets] with inputs: [0.1 -0.5 .9, 0 0 0]
[05pro2025 17:56:50.730] [main/WARN] [net.minecraft.commands.Commands/]: Ambiguity between arguments [teleport, destination] and [teleport, targets] with inputs: [Player, 0123, @e, dd12be42-52a9-4a91-a8a1-11c01849e498]
[05pro2025 17:56:50.731] [main/WARN] [net.minecraft.commands.Commands/]: Ambiguity between arguments [teleport, targets] and [teleport, destination] with inputs: [Player, 0123, dd12be42-52a9-4a91-a8a1-11c01849e498]
[05pro2025 17:56:50.732] [main/WARN] [net.minecraft.commands.Commands/]: Ambiguity between arguments [teleport, targets, location] and [teleport, targets, destination] with inputs: [0.1 -0.5 .9, 0 0 0]
[05pro2025 17:56:50.849] [Render thread/WARN] [net.minecraft.server.packs.VanillaPackResourcesBuilder/]: Assets URL 'union:/C:/Users/jiris/project/Few%20more%20blocks/build/moddev/artifacts/neoforge-21.1.172.jar%23189!/assets/.mcassetsroot' uses unexpected schema
[05pro2025 17:56:50.849] [Render thread/WARN] [net.minecraft.server.packs.VanillaPackResourcesBuilder/]: Assets URL 'union:/C:/Users/jiris/project/Few%20more%20blocks/build/moddev/artifacts/neoforge-21.1.172.jar%23189!/data/.mcassetsroot' uses unexpected schema
[05pro2025 17:56:50.893] [Render thread/INFO] [com.mojang.authlib.yggdrasil.YggdrasilAuthenticationService/]: Environment: Environment[sessionHost=https://sessionserver.mojang.com, servicesHost=https://api.minecraftservices.com, name=PROD]
[05pro2025 17:56:50.899] [Render thread/INFO] [net.minecraft.client.Minecraft/]: Setting user: Dev
[05pro2025 17:56:50.982] [Render thread/INFO] [net.minecraft.client.Minecraft/]: Backend library: LWJGL version 3.3.3+5
[05pro2025 17:56:51.337] [modloading-worker-0/INFO] [net.neoforged.neoforge.common.NeoForgeMod/NEOFORGE-MOD]: NeoForge mod loading, version 21.1.172, for MC 1.21.1
[05pro2025 17:56:52.165] [Render thread/INFO] [net.neoforged.neoforge.gametest.GameTestHooks/]: Enabled Gametest Namespaces: [thefmb]
[05pro2025 17:56:52.269] [Render thread/INFO] [net.minecraft.server.packs.resources.ReloadableResourceManager/]: Reloading ResourceManager: vanilla, mod_resources, mod/thefmb, mod/neoforge
[05pro2025 17:56:52.279] [Worker-Main-1/INFO] [io.github.lordjirix.thefmb.Thefmb/]: Few more block
[05pro2025 17:56:52.443] [Worker-Main-13/INFO] [net.minecraft.client.gui.font.providers.UnihexProvider/]: Found unifont_all_no_pua-15.1.05.hex, loading
[05pro2025 17:56:52.598] [Worker-Main-6/INFO] [net.minecraft.client.gui.font.providers.UnihexProvider/]: Found unifont_jp_patch-15.1.05.hex, loading
[05pro2025 17:56:54.282] [Render thread/WARN] [net.minecraft.client.sounds.SoundEngine/]: Missing sound for event: minecraft:item.goat_horn.play
[05pro2025 17:56:54.283] [Render thread/WARN] [net.minecraft.client.sounds.SoundEngine/]: Missing sound for event: minecraft:entity.goat.screaming.horn_break
[05pro2025 17:56:54.541] [Render thread/INFO] [com.mojang.blaze3d.audio.Library/]: OpenAL initialized on device OpenAL Soft on Headphones (Realtek(R) Audio)
[05pro2025 17:56:54.542] [Render thread/INFO] [net.minecraft.client.sounds.SoundEngine/SOUNDS]: Sound engine started
[05pro2025 17:56:54.611] [Render thread/INFO] [net.minecraft.client.renderer.texture.TextureAtlas/]: Created: 1024x512x4 minecraft:textures/atlas/blocks.png-atlas
[05pro2025 17:56:54.618] [Render thread/INFO] [net.minecraft.client.renderer.texture.TextureAtlas/]: Created: 256x256x4 minecraft:textures/atlas/signs.png-atlas
[05pro2025 17:56:54.619] [Render thread/INFO] [net.minecraft.client.renderer.texture.TextureAtlas/]: Created: 512x512x4 minecraft:textures/atlas/shield_patterns.png-atlas
[05pro2025 17:56:54.619] [Render thread/INFO] [net.minecraft.client.renderer.texture.TextureAtlas/]: Created: 512x512x4 minecraft:textures/atlas/banner_patterns.png-atlas
[05pro2025 17:56:54.620] [Render thread/INFO] [net.minecraft.client.renderer.texture.TextureAtlas/]: Created: 1024x1024x4 minecraft:textures/atlas/armor_trims.png-atlas
[05pro2025 17:56:54.621] [Render thread/INFO] [net.minecraft.client.renderer.texture.TextureAtlas/]: Created: 128x64x4 minecraft:textures/atlas/decorated_pot.png-atlas
[05pro2025 17:56:54.622] [Render thread/INFO] [net.minecraft.client.renderer.texture.TextureAtlas/]: Created: 256x256x4 minecraft:textures/atlas/chest.png-atlas
[05pro2025 17:56:54.622] [Render thread/INFO] [net.minecraft.client.renderer.texture.TextureAtlas/]: Created: 512x256x4 minecraft:textures/atlas/shulker_boxes.png-atlas
[05pro2025 17:56:54.622] [Render thread/INFO] [net.minecraft.client.renderer.texture.TextureAtlas/]: Created: 512x256x4 minecraft:textures/atlas/beds.png-atlas
[05pro2025 17:56:54.794] [Render thread/INFO] [net.minecraft.client.renderer.texture.TextureAtlas/]: Created: 512x256x0 minecraft:textures/atlas/particles.png-atlas
[05pro2025 17:56:54.795] [Render thread/INFO] [net.minecraft.client.renderer.texture.TextureAtlas/]: Created: 512x256x0 minecraft:textures/atlas/paintings.png-atlas
[05pro2025 17:56:54.797] [Render thread/INFO] [net.minecraft.client.renderer.texture.TextureAtlas/]: Created: 256x128x0 minecraft:textures/atlas/mob_effects.png-atlas
[05pro2025 17:56:54.797] [Render thread/INFO] [net.minecraft.client.renderer.texture.TextureAtlas/]: Created: 64x64x0 minecraft:textures/atlas/map_decorations.png-atlas
[05pro2025 17:56:54.797] [Render thread/INFO] [net.minecraft.client.renderer.texture.TextureAtlas/]: Created: 1024x512x0 minecraft:textures/atlas/gui.png-atlas
[05pro2025 17:56:54.814] [Render thread/WARN] [net.minecraft.client.renderer.ShaderInstance/]: Shader rendertype_entity_translucent_emissive could not find sampler named Sampler2 in the specified shader program.
[05pro2025 17:56:54.890] [Render thread/INFO] [net.neoforged.neoforge.client.entity.animation.json.AnimationLoader/]: Loaded 0 entity animations
[05pro2025 17:57:01.052] [Render thread/INFO] [net.minecraft.world.item.crafting.RecipeManager/]: Loaded 1322 recipes
[05pro2025 17:57:01.209] [Render thread/INFO] [net.minecraft.advancements.AdvancementTree/]: Loaded 1399 advancements
[05pro2025 17:57:01.533] [Server thread/INFO] [net.minecraft.client.server.IntegratedServer/]: Starting integrated minecraft server version 1.21.1
[05pro2025 17:57:01.533] [Server thread/INFO] [net.minecraft.server.MinecraftServer/]: Generating keypair
[05pro2025 17:57:02.385] [Server thread/INFO] [net.minecraft.server.MinecraftServer/]: Preparing start region for dimension minecraft:overworld
[05pro2025 17:57:02.691] [progressListener/INFO] [net.minecraft.server.level.progress.LoggerChunkProgressListener/]: Preparing spawn area: 0%
[05pro2025 17:57:02.869] [Server thread/INFO] [net.neoforged.neoforge.server.permission.PermissionAPI/]: Successfully initialized permission handler neoforge:default_handler
[05pro2025 17:57:02.881] [progressListener/INFO] [net.minecraft.server.level.progress.LoggerChunkProgressListener/]: Time elapsed: 483 ms
[05pro2025 17:57:02.924] [Server thread/INFO] [net.minecraft.client.server.IntegratedServer/]: Changing view distance to 3, from 10
[05pro2025 17:57:02.925] [Server thread/INFO] [net.minecraft.client.server.IntegratedServer/]: Changing simulation distance to 7, from 0
[05pro2025 17:57:03.688] [Server thread/INFO] [net.minecraft.server.players.PlayerList/]: Dev[local:E:0f44d031] logged in with entity id 67 at (22.22328819664379, 115.60389160526003, 8.183238043423458)
[05pro2025 17:57:03.762] [Server thread/INFO] [net.minecraft.server.MinecraftServer/]: Dev joined the game
[05pro2025 17:57:03.913] [Render thread/INFO] [net.minecraft.advancements.AdvancementTree/]: Loaded 66 advancements
[05pro2025 17:57:07.273] [Server thread/INFO] [net.minecraft.client.server.IntegratedServer/]: Saving and pausing game...
[05pro2025 17:57:07.292] [Server thread/INFO] [net.minecraft.server.MinecraftServer/]: Saving chunks for level 'ServerLevel[New World]'/minecraft:overworld
[05pro2025 17:57:07.302] [Server thread/INFO] [net.minecraft.server.MinecraftServer/]: Saving chunks for level 'ServerLevel[New World]'/minecraft:the_end
[05pro2025 17:57:07.303] [Server thread/INFO] [net.minecraft.server.MinecraftServer/]: Saving chunks for level 'ServerLevel[New World]'/minecraft:the_nether
[05pro2025 17:57:07.577] [Server thread/INFO] [net.minecraft.server.network.ServerGamePacketListenerImpl/]: Dev lost connection: Disconnected
[05pro2025 17:57:07.578] [Server thread/INFO] [net.minecraft.server.MinecraftServer/]: Dev left the game
[05pro2025 17:57:07.592] [Server thread/INFO] [net.minecraft.server.network.ServerCommonPacketListenerImpl/]: Stopping singleplayer server as player logged out
[05pro2025 17:57:07.622] [Server thread/INFO] [net.minecraft.server.MinecraftServer/]: Stopping server
[05pro2025 17:57:07.623] [Server thread/INFO] [net.minecraft.server.MinecraftServer/]: Saving players
[05pro2025 17:57:07.623] [Server thread/INFO] [net.minecraft.server.MinecraftServer/]: Saving worlds
[05pro2025 17:57:07.659] [Server thread/INFO] [net.minecraft.server.MinecraftServer/]: Saving chunks for level 'ServerLevel[New World]'/minecraft:overworld
[05pro2025 17:57:07.704] [Server thread/INFO] [net.minecraft.server.MinecraftServer/]: Saving chunks for level 'ServerLevel[New World]'/minecraft:the_end
[05pro2025 17:57:07.706] [Server thread/INFO] [net.minecraft.server.MinecraftServer/]: Saving chunks for level 'ServerLevel[New World]'/minecraft:the_nether
[05pro2025 17:57:07.713] [Server thread/INFO] [net.minecraft.server.MinecraftServer/]: ThreadedAnvilChunkStorage (New World): All chunks are saved
[05pro2025 17:57:07.713] [Server thread/INFO] [net.minecraft.server.MinecraftServer/]: ThreadedAnvilChunkStorage (DIM1): All chunks are saved
[05pro2025 17:57:07.713] [Server thread/INFO] [net.minecraft.server.MinecraftServer/]: ThreadedAnvilChunkStorage (DIM-1): All chunks are saved
[05pro2025 17:57:07.713] [Server thread/INFO] [net.minecraft.server.MinecraftServer/]: ThreadedAnvilChunkStorage: All dimensions are saved
[05pro2025 17:57:08.791] [Render thread/INFO] [net.minecraft.client.Minecraft/]: Stopping!
